<?xml version="1.0" encoding="UTF-8"?>
<!-- Generated by org.testng.reporters.JUnitReportReporter -->
<testsuite skipped="0" hostname="LAPTOP-UF0B91LF" name="com.saucelabs.ProductsPageTest" tests="4" failures="0" timestamp="2023-05-16T15:07:00 IST" time="14.173" errors="0">
  <testcase name="addItemsToCart" time="3.535" classname="com.saucelabs.ProductsPageTest"/>
  <system-out/>
  <testcase name="productsFromHighToLow" time="3.611" classname="com.saucelabs.ProductsPageTest"/>
  <system-out/>
  <testcase name="productsInDesc" time="3.458" classname="com.saucelabs.ProductsPageTest"/>
  <system-out/>
  <testcase name="productsFromLowToHigh" time="3.569" classname="com.saucelabs.ProductsPageTest"/>
  <system-out/>
</testsuite> <!-- com.saucelabs.ProductsPageTest -->
