<?xml version="1.0" encoding="UTF-8"?>
<!-- Generated by org.testng.reporters.JUnitReportReporter -->
<testsuite skipped="0" hostname="LAPTOP-UF0B91LF" name="com.saucelabs.EndtoEndTest" tests="1" failures="0" timestamp="2023-05-16T15:07:00 IST" time="6.387" errors="0">
  <testcase name="completeEndToEndTest" time="6.387" classname="com.saucelabs.EndtoEndTest"/>
  <system-out/>
</testsuite> <!-- com.saucelabs.EndtoEndTest -->
