<?xml version="1.0" encoding="UTF-8"?>
<!-- Generated by org.testng.reporters.JUnitReportReporter -->
<testsuite skipped="0" hostname="LAPTOP-UF0B91LF" name="com.saucelabs.LoginPageTest" tests="3" failures="0" timestamp="2023-05-16T15:07:00 IST" time="14.241" errors="0">
  <testcase name="loginPage" time="3.129" classname="com.saucelabs.LoginPageTest"/>
  <system-out/>
  <testcase name="loginPage" time="3.060" classname="com.saucelabs.LoginPageTest"/>
  <system-out/>
  <testcase name="loginPage" time="8.052" classname="com.saucelabs.LoginPageTest"/>
  <system-out/>
</testsuite> <!-- com.saucelabs.LoginPageTest -->
