<?xml version="1.0" encoding="UTF-8"?>
<!-- Generated by org.testng.reporters.JUnitReportReporter -->
<testsuite skipped="0" hostname="LAPTOP-UF0B91LF" name="com.saucelabs.CompleteOrderPage" tests="1" failures="0" timestamp="2023-05-16T15:07:00 IST" time="4.986" errors="0">
  <testcase name="completeOrder" time="4.986" classname="com.saucelabs.CompleteOrderPage"/>
  <system-out/>
</testsuite> <!-- com.saucelabs.CompleteOrderPage -->
