<?xml version="1.0" encoding="UTF-8"?>
<!-- Generated by org.testng.reporters.JUnitReportReporter -->
<testsuite skipped="0" hostname="LAPTOP-UF0B91LF" name="com.saucelabs.CartPageTest" tests="3" failures="0" timestamp="2023-05-16T15:07:00 IST" time="14.690" errors="0">
  <testcase name="cartPage" time="5.521" classname="com.saucelabs.CartPageTest"/>
  <system-out/>
  <testcase name="continueShopping" time="5.388" classname="com.saucelabs.CartPageTest"/>
  <system-out/>
  <testcase name="removeItem" time="3.781" classname="com.saucelabs.CartPageTest"/>
  <system-out/>
</testsuite> <!-- com.saucelabs.CartPageTest -->
